
=== Mon Oct 20 20:05:09 2025

Packages were changed.
Update Mode: updateDependencies

The following packages were updated:
  com.unity.collab-proxy from version 1.2.16 to 2.9.3
  com.unity.ide.rider from version 1.1.4 to 3.0.37
  com.unity.render-pipelines.universal from version 7.3.1 to 17.0.4
  com.unity.test-framework from version 1.1.16 to 1.5.1
  com.unity.timeline from version 1.2.15 to 1.8.9
  com.unity.ugui from version 1.0.0 to 2.0.0
  com.unity.visualeffectgraph from version 7.3.1 to 17.0.4
The following packages were removed:
  com.unity.textmeshpro@2.1.1

=== Mon Oct 20 20:05:09 2025

Packages were changed.
Update Mode: mergeDefaultDependencies

The following packages were added:
  com.unity.ide.vscode@1.2.1
  com.unity.visualeffectgraph@17.0.4

=== Sat Nov 15 10:40:45 2025

Packages were changed.
Update Mode: updateDependencies

The following packages were updated:
  com.unity.burst from version 1.8.13 to 1.8.24
  com.unity.cinemachine from version 2.10.0 to 2.10.4
  com.unity.collections from version 2.4.0 to 2.5.1
  com.unity.inputsystem from version 1.8.1 to 1.14.2
  com.unity.mathematics from version 1.3.1 to 1.3.2
  com.unity.render-pipelines.core from version 17.0.3 to 17.0.4
  com.unity.render-pipelines.universal from version 17.0.3 to 17.0.4
  com.unity.shadergraph from version 17.0.3 to 17.0.4
  com.unity.test-framework from version 1.4.3 to 1.5.1
  com.unity.test-framework.performance from version 3.0.3 to 3.1.0

=== Sat Nov 15 10:40:45 2025

Packages were changed.
Update Mode: mergeDefaultDependencies

The following packages were added:
  com.unity.burst@1.8.24
  com.unity.collections@2.5.1
  com.unity.ext.nunit@2.0.5
  com.unity.mathematics@1.3.2
  com.unity.nuget.mono-cecil@1.11.4
  com.unity.render-pipelines.core@17.0.4
  com.unity.render-pipelines.universal-config@17.0.3
  com.unity.rendering.light-transport@1.0.1
  com.unity.searcher@4.9.2
  com.unity.shadergraph@17.0.4
  com.unity.test-framework.performance@3.1.0
  com.unity.modules.hierarchycore@1.0.0
  com.unity.modules.subsystems@1.0.0
